<?xml version="1.0" encoding="UTF-8"?>
<!-- Generated by org.testng.reporters.JUnitXMLReporter -->
<testsuite ignored="0" hostname="LAPTOP-001GVLB3" failures="1" tests="1" name="Test" time="63.238" errors="0" timestamp="2022-12-02T20:12:15 IST">
  <testcase classname="neoStoxTesting.NeoStoxUsernameValidating" name="fundsAvilable" time="0.245">
    <failure type="java.lang.AssertionError" message="null">
      <![CDATA[java.lang.AssertionError: null
at neoStoxTesting.NeoStoxUsernameValidating.fundsAvilable(NeoStoxUsernameValidating.java:56)
at java.base/java.util.ArrayList.forEach(ArrayList.java:1541)
... Removed 29 stack frames]]>
    </failure>
  </testcase> <!-- fundsAvilable -->
</testsuite> <!-- Test -->
